0 verbose cli E:\nodejs\node.exe E:\nodejs\node_modules\npm\bin\npm-cli.js
1 info using npm@10.9.3
2 info using node@v22.20.0
3 silly config load:file:E:\nodejs\node_modules\npm\npmrc
4 silly config load:file:C:\Users\asus\AppData\Local\Microsoft\TypeScript\5.9\.npmrc
5 silly config load:file:C:\Users\asus\.npmrc
6 silly config load:file:E:\nodejs\node_global\etc\npmrc
7 verbose title npm install types-registry@latest
8 verbose argv "install" "--ignore-scripts" "types-registry@latest"
9 verbose logfile logs-max:10 dir:E:\python project\Custom-built AI assistant\frontend\.npm-cache\_logs\2025-12-02T06_25_53_579Z-
10 verbose logfile E:\python project\Custom-built AI assistant\frontend\.npm-cache\_logs\2025-12-02T06_25_53_579Z-debug-0.log
11 silly logfile done cleaning log files
12 silly packumentCache heap:4345298944 maxSize:1086324736 maxEntrySize:543162368
13 silly packumentCache corgi:https://registry.npmmirror.com/types-registry cache-miss
14 http fetch GET 200 https://registry.npmmirror.com/types-registry 298ms (cache revalidated)
15 silly packumentCache corgi:https://registry.npmmirror.com/types-registry set size:445577 disposed:false
16 silly idealTree buildDeps
17 silly fetch manifest types-registry@0.1.748
18 silly packumentCache full:https://registry.npmmirror.com/types-registry cache-miss
19 http fetch GET 200 https://registry.npmmirror.com/types-registry 51ms (cache revalidated)
20 silly packumentCache full:https://registry.npmmirror.com/types-registry set size:1207345 disposed:false
21 silly placeDep ROOT types-registry@0.1.748 REPLACE for:  want: 0.1.748
22 silly reify moves {}
23 silly audit bulk request {
23 silly audit   '@types/react': [ '19.2.7' ],
23 silly audit   csstype: [ '3.2.3' ],
23 silly audit   'types-registry': [ '0.1.748' ]
23 silly audit }
24 http fetch POST 404 https://registry.npmmirror.com/-/npm/v1/security/advisories/bulk 100ms
25 silly audit bulk request failed [object Object]
26 http fetch POST 404 https://registry.npmmirror.com/-/npm/v1/security/audits/quick 100ms
27 verbose audit error HttpErrorGeneral: 404 Not Found - POST https://registry.npmmirror.com/-/npm/v1/security/audits/quick - [NOT_IMPLEMENTED] /-/npm/v1/security/* not implemented yet
27 verbose audit error     at E:\nodejs\node_modules\npm\node_modules\npm-registry-fetch\lib\check-response.js:103:15
27 verbose audit error     at process.processTicksAndRejections (node:internal/process/task_queues:105:5)
27 verbose audit error     at async [getReport] (E:\nodejs\node_modules\npm\node_modules\@npmcli\arborist\lib\audit-report.js:336:21)
27 verbose audit error     at async AuditReport.run (E:\nodejs\node_modules\npm\node_modules\@npmcli\arborist\lib\audit-report.js:106:19)
27 verbose audit error     at async Arborist.reify (E:\nodejs\node_modules\npm\node_modules\@npmcli\arborist\lib\arborist\reify.js:268:24)
27 verbose audit error     at async Install.exec (E:\nodejs\node_modules\npm\lib\commands\install.js:150:5)
27 verbose audit error     at async Npm.exec (E:\nodejs\node_modules\npm\lib\npm.js:207:9)
27 verbose audit error     at async module.exports (E:\nodejs\node_modules\npm\lib\cli\entry.js:74:5) {
27 verbose audit error   headers: [Object: null prototype] {
27 verbose audit error     server: [ 'Tengine' ],
27 verbose audit error     date: [ 'Tue, 02 Dec 2025 06:25:58 GMT' ],
27 verbose audit error     'content-type': [ 'application/json' ],
27 verbose audit error     'transfer-encoding': [ 'chunked' ],
27 verbose audit error     connection: [ 'keep-alive' ],
27 verbose audit error     'strict-transport-security': [ 'max-age=5184000' ],
27 verbose audit error     via: [ 'kunlun9.cn8360[,404666]' ],
27 verbose audit error     'timing-allow-origin': [ '*' ],
27 verbose audit error     eagleid: [ 'ab2ba99d17646567582076096e' ],
27 verbose audit error     'x-fetch-attempts': [ '1' ]
27 verbose audit error   },
27 verbose audit error   statusCode: 404,
27 verbose audit error   code: 'E404',
27 verbose audit error   method: 'POST',
27 verbose audit error   uri: 'https://registry.npmmirror.com/-/npm/v1/security/audits/quick',
27 verbose audit error   body: {
27 verbose audit error     error: '[NOT_IMPLEMENTED] /-/npm/v1/security/* not implemented yet'
27 verbose audit error   },
27 verbose audit error   pkgid: undefined
27 verbose audit error }
28 silly audit error [object Object]
29 silly audit report null
30 verbose cwd C:\Users\asus\AppData\Local\Microsoft\TypeScript\5.9
31 verbose os Windows_NT 10.0.26100
32 verbose node v22.20.0
33 verbose npm  v10.9.3
34 verbose exit 0
35 info ok
