0 verbose cli E:\nodejs\node.exe E:\nodejs\node_modules\npm\bin\npm-cli.js
1 info using npm@10.9.3
2 info using node@v22.20.0
3 silly config load:file:E:\nodejs\node_modules\npm\npmrc
4 silly config load:file:E:\python project\Custom-built AI assistant\frontend\.npmrc
5 silly config load:file:C:\Users\asus\.npmrc
6 silly config load:file:E:\nodejs\node_global\etc\npmrc
7 verbose title npm install
8 verbose argv "install" "--no-audit" "--no-fund"
9 verbose logfile logs-max:10 dir:E:\python project\Custom-built AI assistant\frontend\.npm-cache\_logs\2025-12-01T10_11_58_448Z-
10 verbose logfile E:\python project\Custom-built AI assistant\frontend\.npm-cache\_logs\2025-12-01T10_11_58_448Z-debug-0.log
11 silly logfile done cleaning log files
12 silly packumentCache heap:4345298944 maxSize:1086324736 maxEntrySize:543162368
13 silly idealTree buildDeps
14 silly reify moves {}
15 verbose reify failed optional dependency E:\python project\Custom-built AI assistant\frontend\node_modules\fsevents
16 silly reify mark deleted [
16 silly reify   'E:\\python project\\Custom-built AI assistant\\frontend\\node_modules\\fsevents'
16 silly reify ]
17 verbose reify failed optional dependency E:\python project\Custom-built AI assistant\frontend\node_modules\@rollup\rollup-win32-ia32-msvc
18 silly reify mark deleted [
18 silly reify   'E:\\python project\\Custom-built AI assistant\\frontend\\node_modules\\@rollup\\rollup-win32-ia32-msvc'
18 silly reify ]
19 verbose reify failed optional dependency E:\python project\Custom-built AI assistant\frontend\node_modules\@rollup\rollup-win32-arm64-msvc
20 silly reify mark deleted [
20 silly reify   'E:\\python project\\Custom-built AI assistant\\frontend\\node_modules\\@rollup\\rollup-win32-arm64-msvc'
20 silly reify ]
21 verbose reify failed optional dependency E:\python project\Custom-built AI assistant\frontend\node_modules\@rollup\rollup-openharmony-arm64
22 silly reify mark deleted [
22 silly reify   'E:\\python project\\Custom-built AI assistant\\frontend\\node_modules\\@rollup\\rollup-openharmony-arm64'
22 silly reify ]
23 verbose reify failed optional dependency E:\python project\Custom-built AI assistant\frontend\node_modules\@rollup\rollup-linux-x64-musl
24 silly reify mark deleted [
24 silly reify   'E:\\python project\\Custom-built AI assistant\\frontend\\node_modules\\@rollup\\rollup-linux-x64-musl'
24 silly reify ]
25 verbose reify failed optional dependency E:\python project\Custom-built AI assistant\frontend\node_modules\@rollup\rollup-linux-x64-gnu
26 silly reify mark deleted [
26 silly reify   'E:\\python project\\Custom-built AI assistant\\frontend\\node_modules\\@rollup\\rollup-linux-x64-gnu'
26 silly reify ]
27 verbose reify failed optional dependency E:\python project\Custom-built AI assistant\frontend\node_modules\@rollup\rollup-linux-s390x-gnu
28 silly reify mark deleted [
28 silly reify   'E:\\python project\\Custom-built AI assistant\\frontend\\node_modules\\@rollup\\rollup-linux-s390x-gnu'
28 silly reify ]
29 verbose reify failed optional dependency E:\python project\Custom-built AI assistant\frontend\node_modules\@rollup\rollup-linux-riscv64-musl
30 silly reify mark deleted [
30 silly reify   'E:\\python project\\Custom-built AI assistant\\frontend\\node_modules\\@rollup\\rollup-linux-riscv64-musl'
30 silly reify ]
31 verbose reify failed optional dependency E:\python project\Custom-built AI assistant\frontend\node_modules\@rollup\rollup-linux-riscv64-gnu
32 silly reify mark deleted [
32 silly reify   'E:\\python project\\Custom-built AI assistant\\frontend\\node_modules\\@rollup\\rollup-linux-riscv64-gnu'
32 silly reify ]
33 verbose reify failed optional dependency E:\python project\Custom-built AI assistant\frontend\node_modules\@rollup\rollup-linux-ppc64-gnu
34 silly reify mark deleted [
34 silly reify   'E:\\python project\\Custom-built AI assistant\\frontend\\node_modules\\@rollup\\rollup-linux-ppc64-gnu'
34 silly reify ]
35 verbose reify failed optional dependency E:\python project\Custom-built AI assistant\frontend\node_modules\@rollup\rollup-linux-loong64-gnu
36 silly reify mark deleted [
36 silly reify   'E:\\python project\\Custom-built AI assistant\\frontend\\node_modules\\@rollup\\rollup-linux-loong64-gnu'
36 silly reify ]
37 verbose reify failed optional dependency E:\python project\Custom-built AI assistant\frontend\node_modules\@rollup\rollup-linux-arm64-musl
38 silly reify mark deleted [
38 silly reify   'E:\\python project\\Custom-built AI assistant\\frontend\\node_modules\\@rollup\\rollup-linux-arm64-musl'
38 silly reify ]
39 verbose reify failed optional dependency E:\python project\Custom-built AI assistant\frontend\node_modules\@rollup\rollup-linux-arm64-gnu
40 silly reify mark deleted [
40 silly reify   'E:\\python project\\Custom-built AI assistant\\frontend\\node_modules\\@rollup\\rollup-linux-arm64-gnu'
40 silly reify ]
41 verbose reify failed optional dependency E:\python project\Custom-built AI assistant\frontend\node_modules\@rollup\rollup-linux-arm-musleabihf
42 silly reify mark deleted [
42 silly reify   'E:\\python project\\Custom-built AI assistant\\frontend\\node_modules\\@rollup\\rollup-linux-arm-musleabihf'
42 silly reify ]
43 verbose reify failed optional dependency E:\python project\Custom-built AI assistant\frontend\node_modules\@rollup\rollup-linux-arm-gnueabihf
44 silly reify mark deleted [
44 silly reify   'E:\\python project\\Custom-built AI assistant\\frontend\\node_modules\\@rollup\\rollup-linux-arm-gnueabihf'
44 silly reify ]
45 verbose reify failed optional dependency E:\python project\Custom-built AI assistant\frontend\node_modules\@rollup\rollup-freebsd-x64
46 silly reify mark deleted [
46 silly reify   'E:\\python project\\Custom-built AI assistant\\frontend\\node_modules\\@rollup\\rollup-freebsd-x64'
46 silly reify ]
47 verbose reify failed optional dependency E:\python project\Custom-built AI assistant\frontend\node_modules\@rollup\rollup-freebsd-arm64
48 silly reify mark deleted [
48 silly reify   'E:\\python project\\Custom-built AI assistant\\frontend\\node_modules\\@rollup\\rollup-freebsd-arm64'
48 silly reify ]
49 verbose reify failed optional dependency E:\python project\Custom-built AI assistant\frontend\node_modules\@rollup\rollup-darwin-x64
50 silly reify mark deleted [
50 silly reify   'E:\\python project\\Custom-built AI assistant\\frontend\\node_modules\\@rollup\\rollup-darwin-x64'
50 silly reify ]
51 verbose reify failed optional dependency E:\python project\Custom-built AI assistant\frontend\node_modules\@rollup\rollup-darwin-arm64
52 silly reify mark deleted [
52 silly reify   'E:\\python project\\Custom-built AI assistant\\frontend\\node_modules\\@rollup\\rollup-darwin-arm64'
52 silly reify ]
53 verbose reify failed optional dependency E:\python project\Custom-built AI assistant\frontend\node_modules\@rollup\rollup-android-arm64
54 silly reify mark deleted [
54 silly reify   'E:\\python project\\Custom-built AI assistant\\frontend\\node_modules\\@rollup\\rollup-android-arm64'
54 silly reify ]
55 verbose reify failed optional dependency E:\python project\Custom-built AI assistant\frontend\node_modules\@rollup\rollup-android-arm-eabi
56 silly reify mark deleted [
56 silly reify   'E:\\python project\\Custom-built AI assistant\\frontend\\node_modules\\@rollup\\rollup-android-arm-eabi'
56 silly reify ]
57 verbose reify failed optional dependency E:\python project\Custom-built AI assistant\frontend\node_modules\@esbuild\win32-ia32
58 silly reify mark deleted [
58 silly reify   'E:\\python project\\Custom-built AI assistant\\frontend\\node_modules\\@esbuild\\win32-ia32'
58 silly reify ]
59 verbose reify failed optional dependency E:\python project\Custom-built AI assistant\frontend\node_modules\@esbuild\win32-arm64
60 silly reify mark deleted [
60 silly reify   'E:\\python project\\Custom-built AI assistant\\frontend\\node_modules\\@esbuild\\win32-arm64'
60 silly reify ]
61 verbose reify failed optional dependency E:\python project\Custom-built AI assistant\frontend\node_modules\@esbuild\sunos-x64
62 silly reify mark deleted [
62 silly reify   'E:\\python project\\Custom-built AI assistant\\frontend\\node_modules\\@esbuild\\sunos-x64'
62 silly reify ]
63 verbose reify failed optional dependency E:\python project\Custom-built AI assistant\frontend\node_modules\@esbuild\openbsd-x64
64 silly reify mark deleted [
64 silly reify   'E:\\python project\\Custom-built AI assistant\\frontend\\node_modules\\@esbuild\\openbsd-x64'
64 silly reify ]
65 verbose reify failed optional dependency E:\python project\Custom-built AI assistant\frontend\node_modules\@esbuild\netbsd-x64
66 silly reify mark deleted [
66 silly reify   'E:\\python project\\Custom-built AI assistant\\frontend\\node_modules\\@esbuild\\netbsd-x64'
66 silly reify ]
67 verbose reify failed optional dependency E:\python project\Custom-built AI assistant\frontend\node_modules\@esbuild\linux-x64
68 silly reify mark deleted [
68 silly reify   'E:\\python project\\Custom-built AI assistant\\frontend\\node_modules\\@esbuild\\linux-x64'
68 silly reify ]
69 verbose reify failed optional dependency E:\python project\Custom-built AI assistant\frontend\node_modules\@esbuild\linux-s390x
70 silly reify mark deleted [
70 silly reify   'E:\\python project\\Custom-built AI assistant\\frontend\\node_modules\\@esbuild\\linux-s390x'
70 silly reify ]
71 verbose reify failed optional dependency E:\python project\Custom-built AI assistant\frontend\node_modules\@esbuild\linux-riscv64
72 silly reify mark deleted [
72 silly reify   'E:\\python project\\Custom-built AI assistant\\frontend\\node_modules\\@esbuild\\linux-riscv64'
72 silly reify ]
73 verbose reify failed optional dependency E:\python project\Custom-built AI assistant\frontend\node_modules\@esbuild\linux-ppc64
74 silly reify mark deleted [
74 silly reify   'E:\\python project\\Custom-built AI assistant\\frontend\\node_modules\\@esbuild\\linux-ppc64'
74 silly reify ]
75 verbose reify failed optional dependency E:\python project\Custom-built AI assistant\frontend\node_modules\@esbuild\linux-mips64el
76 silly reify mark deleted [
76 silly reify   'E:\\python project\\Custom-built AI assistant\\frontend\\node_modules\\@esbuild\\linux-mips64el'
76 silly reify ]
77 verbose reify failed optional dependency E:\python project\Custom-built AI assistant\frontend\node_modules\@esbuild\linux-loong64
78 silly reify mark deleted [
78 silly reify   'E:\\python project\\Custom-built AI assistant\\frontend\\node_modules\\@esbuild\\linux-loong64'
78 silly reify ]
79 verbose reify failed optional dependency E:\python project\Custom-built AI assistant\frontend\node_modules\@esbuild\linux-ia32
80 silly reify mark deleted [
80 silly reify   'E:\\python project\\Custom-built AI assistant\\frontend\\node_modules\\@esbuild\\linux-ia32'
80 silly reify ]
81 verbose reify failed optional dependency E:\python project\Custom-built AI assistant\frontend\node_modules\@esbuild\linux-arm64
82 silly reify mark deleted [
82 silly reify   'E:\\python project\\Custom-built AI assistant\\frontend\\node_modules\\@esbuild\\linux-arm64'
82 silly reify ]
83 verbose reify failed optional dependency E:\python project\Custom-built AI assistant\frontend\node_modules\@esbuild\linux-arm
84 silly reify mark deleted [
84 silly reify   'E:\\python project\\Custom-built AI assistant\\frontend\\node_modules\\@esbuild\\linux-arm'
84 silly reify ]
85 verbose reify failed optional dependency E:\python project\Custom-built AI assistant\frontend\node_modules\@esbuild\freebsd-x64
86 silly reify mark deleted [
86 silly reify   'E:\\python project\\Custom-built AI assistant\\frontend\\node_modules\\@esbuild\\freebsd-x64'
86 silly reify ]
87 verbose reify failed optional dependency E:\python project\Custom-built AI assistant\frontend\node_modules\@esbuild\freebsd-arm64
88 silly reify mark deleted [
88 silly reify   'E:\\python project\\Custom-built AI assistant\\frontend\\node_modules\\@esbuild\\freebsd-arm64'
88 silly reify ]
89 verbose reify failed optional dependency E:\python project\Custom-built AI assistant\frontend\node_modules\@esbuild\darwin-x64
90 silly reify mark deleted [
90 silly reify   'E:\\python project\\Custom-built AI assistant\\frontend\\node_modules\\@esbuild\\darwin-x64'
90 silly reify ]
91 verbose reify failed optional dependency E:\python project\Custom-built AI assistant\frontend\node_modules\@esbuild\darwin-arm64
92 silly reify mark deleted [
92 silly reify   'E:\\python project\\Custom-built AI assistant\\frontend\\node_modules\\@esbuild\\darwin-arm64'
92 silly reify ]
93 verbose reify failed optional dependency E:\python project\Custom-built AI assistant\frontend\node_modules\@esbuild\android-x64
94 silly reify mark deleted [
94 silly reify   'E:\\python project\\Custom-built AI assistant\\frontend\\node_modules\\@esbuild\\android-x64'
94 silly reify ]
95 verbose reify failed optional dependency E:\python project\Custom-built AI assistant\frontend\node_modules\@esbuild\android-arm64
96 silly reify mark deleted [
96 silly reify   'E:\\python project\\Custom-built AI assistant\\frontend\\node_modules\\@esbuild\\android-arm64'
96 silly reify ]
97 verbose reify failed optional dependency E:\python project\Custom-built AI assistant\frontend\node_modules\@esbuild\android-arm
98 silly reify mark deleted [
98 silly reify   'E:\\python project\\Custom-built AI assistant\\frontend\\node_modules\\@esbuild\\android-arm'
98 silly reify ]
99 verbose reify failed optional dependency E:\python project\Custom-built AI assistant\frontend\node_modules\@esbuild\aix-ppc64
100 silly reify mark deleted [
100 silly reify   'E:\\python project\\Custom-built AI assistant\\frontend\\node_modules\\@esbuild\\aix-ppc64'
100 silly reify ]
101 silly ADD
102 silly ADD
103 silly ADD
104 silly ADD
105 silly ADD
106 silly ADD
107 silly ADD
108 silly ADD
109 silly ADD
110 silly ADD
111 silly ADD
112 silly ADD
113 silly ADD
114 silly ADD
115 silly ADD
116 silly ADD
117 silly ADD
118 silly ADD
119 silly ADD
120 silly ADD
121 silly ADD
122 silly ADD
123 silly ADD
124 silly ADD
125 silly ADD
126 silly ADD
127 silly ADD
128 silly ADD
129 silly ADD
130 silly ADD
131 silly ADD
132 silly ADD
133 silly ADD
134 silly ADD
135 silly ADD
136 silly ADD
137 silly ADD
138 silly ADD
139 silly ADD
140 silly ADD
141 silly ADD
142 silly ADD
143 silly ADD
144 verbose cwd E:\python project\Custom-built AI assistant\frontend
145 verbose os Windows_NT 10.0.26100
146 verbose node v22.20.0
147 verbose npm  v10.9.3
148 verbose exit 0
149 info ok
