0 verbose cli E:\nodejs\node.exe E:\nodejs\node_modules\npm\bin\npm-cli.js
1 info using npm@10.9.3
2 info using node@v22.20.0
3 silly config load:file:E:\nodejs\node_modules\npm\npmrc
4 silly config load:file:C:\Users\asus\AppData\Local\Microsoft\TypeScript\5.9\.npmrc
5 silly config load:file:C:\Users\asus\.npmrc
6 silly config load:file:E:\nodejs\node_global\etc\npmrc
7 verbose title npm install types-registry@latest
8 verbose argv "install" "--ignore-scripts" "types-registry@latest"
9 verbose logfile logs-max:10 dir:E:\python project\Custom-built AI assistant\frontend\.npm-cache\_logs\2025-12-02T04_10_42_483Z-
10 verbose logfile E:\python project\Custom-built AI assistant\frontend\.npm-cache\_logs\2025-12-02T04_10_42_483Z-debug-0.log
11 silly logfile done cleaning log files
12 silly packumentCache heap:4345298944 maxSize:1086324736 maxEntrySize:543162368
13 silly packumentCache corgi:https://registry.npmmirror.com/types-registry cache-miss
14 http fetch GET 200 https://registry.npmmirror.com/types-registry 338ms (cache miss)
15 silly packumentCache corgi:https://registry.npmmirror.com/types-registry set size:150384 disposed:false
16 silly idealTree buildDeps
17 silly fetch manifest types-registry@0.1.748
18 silly packumentCache full:https://registry.npmmirror.com/types-registry cache-miss
19 http fetch GET 200 https://registry.npmmirror.com/types-registry 145ms (cache miss)
20 silly packumentCache full:https://registry.npmmirror.com/types-registry set size:237023 disposed:false
21 silly placeDep ROOT types-registry@0.1.748 REPLACE for:  want: 0.1.748
22 silly reify mark retired [
22 silly reify   'C:\\Users\\asus\\AppData\\Local\\Microsoft\\TypeScript\\5.9\\node_modules\\types-registry'
22 silly reify ]
23 silly reify moves {
23 silly reify   'C:\\Users\\asus\\AppData\\Local\\Microsoft\\TypeScript\\5.9\\node_modules\\types-registry': 'C:\\Users\\asus\\AppData\\Local\\Microsoft\\TypeScript\\5.9\\node_modules\\.types-registry-CjFGk5a7'
23 silly reify }
24 silly audit bulk request {
24 silly audit   '@types/react': [ '19.2.7' ],
24 silly audit   csstype: [ '3.2.3' ],
24 silly audit   'types-registry': [ '0.1.748' ]
24 silly audit }
25 http cache types-registry@https://registry.npmmirror.com/types-registry/-/types-registry-0.1.748.tgz 1ms (cache hit)
26 silly tarball no local data for types-registry@https://registry.npmmirror.com/types-registry/-/types-registry-0.1.748.tgz. Extracting by manifest.
27 http fetch POST 404 https://registry.npmmirror.com/-/npm/v1/security/advisories/bulk 39ms
28 silly audit bulk request failed [object Object]
29 http fetch POST 404 https://registry.npmmirror.com/-/npm/v1/security/audits/quick 34ms
30 verbose audit error HttpErrorGeneral: 404 Not Found - POST https://registry.npmmirror.com/-/npm/v1/security/audits/quick - [NOT_IMPLEMENTED] /-/npm/v1/security/* not implemented yet
30 verbose audit error     at E:\nodejs\node_modules\npm\node_modules\npm-registry-fetch\lib\check-response.js:103:15
30 verbose audit error     at process.processTicksAndRejections (node:internal/process/task_queues:105:5)
30 verbose audit error     at async [getReport] (E:\nodejs\node_modules\npm\node_modules\@npmcli\arborist\lib\audit-report.js:336:21)
30 verbose audit error     at async AuditReport.run (E:\nodejs\node_modules\npm\node_modules\@npmcli\arborist\lib\audit-report.js:106:19) {
30 verbose audit error   headers: [Object: null prototype] {
30 verbose audit error     server: [ 'Tengine' ],
30 verbose audit error     date: [ 'Tue, 02 Dec 2025 04:10:46 GMT' ],
30 verbose audit error     'content-type': [ 'application/json' ],
30 verbose audit error     'transfer-encoding': [ 'chunked' ],
30 verbose audit error     connection: [ 'keep-alive' ],
30 verbose audit error     'strict-transport-security': [ 'max-age=5184000' ],
30 verbose audit error     via: [ 'kunlun12.cn5233[,404666]' ],
30 verbose audit error     'timing-allow-origin': [ '*' ],
30 verbose audit error     eagleid: [ 'b6f23fa017646486465177878e' ],
30 verbose audit error     'x-fetch-attempts': [ '1' ]
30 verbose audit error   },
30 verbose audit error   statusCode: 404,
30 verbose audit error   code: 'E404',
30 verbose audit error   method: 'POST',
30 verbose audit error   uri: 'https://registry.npmmirror.com/-/npm/v1/security/audits/quick',
30 verbose audit error   body: {
30 verbose audit error     error: '[NOT_IMPLEMENTED] /-/npm/v1/security/* not implemented yet'
30 verbose audit error   },
30 verbose audit error   pkgid: undefined
30 verbose audit error }
31 silly audit error [object Object]
32 silly audit report null
33 http fetch GET 200 https://cdn.npmmirror.com/packages/types-registry/0.1.748/types-registry-0.1.748.tgz 375ms (cache miss)
34 silly CHANGE node_modules/types-registry
35 verbose cwd C:\Users\asus\AppData\Local\Microsoft\TypeScript\5.9
36 verbose os Windows_NT 10.0.26100
37 verbose node v22.20.0
38 verbose npm  v10.9.3
39 verbose exit 0
40 info ok
